# JRE version: OpenJDK Runtime Environment Temurin-21.0.8+9 (21.0.8+9) (build 21.0.8+9-LTS)
# Java VM: OpenJDK 64-Bit Server VM Temurin-21.0.8+9 (21.0.8+9-LTS, mixed mode, sharing, tiered, compressed oops, compressed class ptrs, g1 gc, windows-amd64)
GC Precious Log:
 CardTable entry size: 512
 Card Set container configuration: InlinePtr #cards 4 size 8 Array Of Cards #cards 32 size 80 Howl #buckets 8 coarsen threshold 7372 Howl Bitmap #cards 1024 size 144 coarsen threshold 921 Card regions per heap region 1 cards per card region 8192
 CPUs: 8 total, 8 available
 Memory: 20165M
 Large Page Support: Disabled
 NUMA Support: Disabled
 Compressed Oops: Enabled (Zero based)
 Heap Region Size: 4M
 Heap Min Capacity: 8M
 Heap Initial Capacity: 316M
 Heap Max Capacity: 5044M
 Pre-touch: Disabled
 Parallel Workers: 8
 Concurrent Workers: 2
 Concurrent Refinement Workers: 8
 Periodic GC: Disabled
Heap:
 garbage-first heap   total 1024000K, used 409230K [0x00000006c4c00000, 0x0000000800000000)
  region size 4096K, 6 young (24576K), 6 survivors (24576K)
 Metaspace       used 92953K, committed 94272K, reserved 1179648K
  class space    used 9673K, committed 10368K, reserved 1048576K
GC Heap History (20 events):
Event: 2227.454 GC heap after
{Heap after GC invocations=1496 (full 0):
 garbage-first heap   total 1294336K, used 479251K [0x00000006c4c00000, 0x0000000800000000)
  region size 4096K, 15 young (61440K), 15 survivors (61440K)
 Metaspace       used 92952K, committed 94272K, reserved 1179648K
  class space    used 9673K, committed 10368K, reserved 1048576K
}
Event: 2228.647 GC heap before
{Heap before GC invocations=1496 (full 0):
 garbage-first heap   total 1294336K, used 1105939K [0x00000006c4c00000, 0x0000000800000000)
  region size 4096K, 168 young (688128K), 15 survivors (61440K)
 Metaspace       used 92952K, committed 94272K, reserved 1179648K
  class space    used 9673K, committed 10368K, reserved 1048576K
}
Event: 2228.688 GC heap after
{Heap after GC invocations=1497 (full 0):
 garbage-first heap   total 1294336K, used 518700K [0x00000006c4c00000, 0x0000000800000000)
  region size 4096K, 16 young (65536K), 16 survivors (65536K)
 Metaspace       used 92952K, committed 94272K, reserved 1179648K
  class space    used 9673K, committed 10368K, reserved 1048576K
}
Event: 2229.796 GC heap before
{Heap before GC invocations=1497 (full 0):
 garbage-first heap   total 1294336K, used 1116716K [0x00000006c4c00000, 0x0000000800000000)
  region size 4096K, 162 young (663552K), 16 survivors (65536K)
 Metaspace       used 92952K, committed 94272K, reserved 1179648K
  class space    used 9673K, committed 10368K, reserved 1048576K
}
Event: 2229.841 GC heap after
{Heap after GC invocations=1498 (full 0):
 garbage-first heap   total 1294336K, used 581632K [0x00000006c4c00000, 0x0000000800000000)
  region size 4096K, 16 young (65536K), 16 survivors (65536K)
 Metaspace       used 92952K, committed 94272K, reserved 1179648K
  class space    used 9673K, committed 10368K, reserved 1048576K
}
Event: 2230.895 GC heap before
{Heap before GC invocations=1499 (full 0):
 garbage-first heap   total 1294336K, used 946176K [0x00000006c4c00000, 0x0000000800000000)
  region size 4096K, 150 young (614400K), 16 survivors (65536K)
 Metaspace       used 92952K, committed 94272K, reserved 1179648K
  class space    used 9673K, committed 10368K, reserved 1048576K
}
Event: 2230.934 GC heap after
{Heap after GC invocations=1500 (full 0):
 garbage-first heap   total 1294336K, used 454656K [0x00000006c4c00000, 0x0000000800000000)
  region size 4096K, 14 young (57344K), 14 survivors (57344K)
 Metaspace       used 92952K, committed 94272K, reserved 1179648K
  class space    used 9673K, committed 10368K, reserved 1048576K
}
Event: 2232.017 GC heap before
{Heap before GC invocations=1500 (full 0):
 garbage-first heap   total 1294336K, used 1101824K [0x00000006c4c00000, 0x0000000800000000)
  region size 4096K, 172 young (704512K), 14 survivors (57344K)
 Metaspace       used 92953K, committed 94272K, reserved 1179648K
  class space    used 9673K, committed 10368K, reserved 1048576K
}
Event: 2232.058 GC heap after
{Heap after GC invocations=1501 (full 0):
 garbage-first heap   total 1294336K, used 462848K [0x00000006c4c00000, 0x0000000800000000)
  region size 4096K, 16 young (65536K), 16 survivors (65536K)
 Metaspace       used 92953K, committed 94272K, reserved 1179648K
  class space    used 9673K, committed 10368K, reserved 1048576K
}
Event: 2232.950 GC heap before
{Heap before GC invocations=1501 (full 0):
 garbage-first heap   total 1294336K, used 1105920K [0x00000006c4c00000, 0x0000000800000000)
  region size 4096K, 173 young (708608K), 16 survivors (65536K)
 Metaspace       used 92953K, committed 94272K, reserved 1179648K
  class space    used 9673K, committed 10368K, reserved 1048576K
}
Event: 2232.977 GC heap after
{Heap after GC invocations=1502 (full 0):
 garbage-first heap   total 1294336K, used 480706K [0x00000006c4c00000, 0x0000000800000000)
  region size 4096K, 17 young (69632K), 17 survivors (69632K)
 Metaspace       used 92953K, committed 94272K, reserved 1179648K
  class space    used 9673K, committed 10368K, reserved 1048576K
}
Event: 2234.041 GC heap before
{Heap before GC invocations=1503 (full 0):
 garbage-first heap   total 1024000K, used 849346K [0x00000006c4c00000, 0x0000000800000000)
  region size 4096K, 150 young (614400K), 17 survivors (69632K)
 Metaspace       used 92953K, committed 94272K, reserved 1179648K
  class space    used 9673K, committed 10368K, reserved 1048576K
}
Event: 2234.077 GC heap after
{Heap after GC invocations=1504 (full 0):
 garbage-first heap   total 1024000K, used 361604K [0x00000006c4c00000, 0x0000000800000000)
  region size 4096K, 15 young (61440K), 15 survivors (61440K)
 Metaspace       used 92953K, committed 94272K, reserved 1179648K
  class space    used 9673K, committed 10368K, reserved 1048576K
}
Event: 2235.017 GC heap before
{Heap before GC invocations=1504 (full 0):
 garbage-first heap   total 1024000K, used 869508K [0x00000006c4c00000, 0x0000000800000000)
  region size 4096K, 139 young (569344K), 15 survivors (61440K)
 Metaspace       used 92953K, committed 94272K, reserved 1179648K
  class space    used 9673K, committed 10368K, reserved 1048576K
}
Event: 2235.058 GC heap after
{Heap after GC invocations=1505 (full 0):
 garbage-first heap   total 1024000K, used 358400K [0x00000006c4c00000, 0x0000000800000000)
  region size 4096K, 13 young (53248K), 13 survivors (53248K)
 Metaspace       used 92953K, committed 94272K, reserved 1179648K
  class space    used 9673K, committed 10368K, reserved 1048576K
}
Event: 2236.027 GC heap before
{Heap before GC invocations=1505 (full 0):
 garbage-first heap   total 1024000K, used 870400K [0x00000006c4c00000, 0x0000000800000000)
  region size 4096K, 138 young (565248K), 13 survivors (53248K)
 Metaspace       used 92953K, committed 94272K, reserved 1179648K
  class space    used 9673K, committed 10368K, reserved 1048576K
}
Event: 2236.061 GC heap after
{Heap after GC invocations=1506 (full 0):
 garbage-first heap   total 1024000K, used 413638K [0x00000006c4c00000, 0x0000000800000000)
  region size 4096K, 14 young (57344K), 14 survivors (57344K)
 Metaspace       used 92953K, committed 94272K, reserved 1179648K
  class space    used 9673K, committed 10368K, reserved 1048576K
}
Event: 2236.942 GC heap before
{Heap before GC invocations=1507 (full 0):
 garbage-first heap   total 1024000K, used 876486K [0x00000006c4c00000, 0x0000000800000000)
  region size 4096K, 128 young (524288K), 14 survivors (57344K)
 Metaspace       used 92953K, committed 94272K, reserved 1179648K
  class space    used 9673K, committed 10368K, reserved 1048576K
}
Event: 2236.982 GC heap after
{Heap after GC invocations=1508 (full 0):
 garbage-first heap   total 1024000K, used 462630K [0x00000006c4c00000, 0x0000000800000000)
  region size 4096K, 13 young (53248K), 13 survivors (53248K)
 Metaspace       used 92953K, committed 94272K, reserved 1179648K
  class space    used 9673K, committed 10368K, reserved 1048576K
}
Event: 2238.023 GC heap before
{Heap before GC invocations=1508 (full 0):
 garbage-first heap   total 1024000K, used 892710K [0x00000006c4c00000, 0x0000000800000000)
  region size 4096K, 118 young (483328K), 13 survivors (53248K)
 Metaspace       used 92953K, committed 94272K, reserved 1179648K
  class space    used 9673K, committed 10368K, reserved 1048576K
}

