# JRE version: OpenJDK Runtime Environment (21.0.6) (build 21.0.6+-13391695-b895.109)
# Java VM: OpenJDK 64-Bit Server VM (21.0.6+-13391695-b895.109, mixed mode, tiered, compressed oops, compressed class ptrs, g1 gc, windows-amd64)
GC Precious Log:
 CardTable entry size: 512
 Card Set container configuration: InlinePtr #cards 5 size 8 Array Of Cards #cards 12 size 40 Howl #buckets 4 coarsen threshold 1843 Howl Bitmap #cards 512 size 80 coarsen threshold 460 Card regions per heap region 1 cards per card region 2048
 CPUs: 8 total, 8 available
 Memory: 20165M
 Large Page Support: Disabled
 NUMA Support: Disabled
 Compressed Oops: Enabled (32-bit)
 Heap Region Size: 1M
 Heap Min Capacity: 8M
 Heap Initial Capacity: 316M
 Heap Max Capacity: 2G
 Pre-touch: Disabled
 Parallel Workers: 8
 Concurrent Workers: 2
 Concurrent Refinement Workers: 8
 Periodic GC: Disabled
Heap:
 garbage-first heap   total 522240K, used 293888K [0x0000000080000000, 0x0000000100000000)
  region size 1024K, 27 young (27648K), 15 survivors (15360K)
 Metaspace       used 211091K, committed 213824K, reserved 1245184K
  class space    used 27273K, committed 28608K, reserved 1048576K
GC Heap History (20 events):
Event: 201.718 GC heap before
{Heap before GC invocations=76 (full 0):
 garbage-first heap   total 452608K, used 405740K [0x0000000080000000, 0x0000000100000000)
  region size 1024K, 134 young (137216K), 16 survivors (16384K)
 Metaspace       used 201132K, committed 203904K, reserved 1245184K
  class space    used 26045K, committed 27392K, reserved 1048576K
}
Event: 201.739 GC heap after
{Heap after GC invocations=77 (full 0):
 garbage-first heap   total 452608K, used 275968K [0x0000000080000000, 0x0000000100000000)
  region size 1024K, 8 young (8192K), 8 survivors (8192K)
 Metaspace       used 201132K, committed 203904K, reserved 1245184K
  class space    used 26045K, committed 27392K, reserved 1048576K
}
Event: 202.261 GC heap before
{Heap before GC invocations=77 (full 0):
 garbage-first heap   total 452608K, used 409088K [0x0000000080000000, 0x0000000100000000)
  region size 1024K, 139 young (142336K), 8 survivors (8192K)
 Metaspace       used 201461K, committed 204160K, reserved 1245184K
  class space    used 26058K, committed 27392K, reserved 1048576K
}
Event: 202.269 GC heap after
{Heap after GC invocations=78 (full 0):
 garbage-first heap   total 452608K, used 281303K [0x0000000080000000, 0x0000000100000000)
  region size 1024K, 14 young (14336K), 14 survivors (14336K)
 Metaspace       used 201461K, committed 204160K, reserved 1245184K
  class space    used 26058K, committed 27392K, reserved 1048576K
}
Event: 202.958 GC heap before
{Heap before GC invocations=79 (full 0):
 garbage-first heap   total 467968K, used 409303K [0x0000000080000000, 0x0000000100000000)
  region size 1024K, 142 young (145408K), 14 survivors (14336K)
 Metaspace       used 201614K, committed 204288K, reserved 1245184K
  class space    used 26061K, committed 27392K, reserved 1048576K
}
Event: 202.964 GC heap after
{Heap after GC invocations=80 (full 0):
 garbage-first heap   total 467968K, used 274673K [0x0000000080000000, 0x0000000100000000)
  region size 1024K, 5 young (5120K), 5 survivors (5120K)
 Metaspace       used 201614K, committed 204288K, reserved 1245184K
  class space    used 26061K, committed 27392K, reserved 1048576K
}
Event: 203.559 GC heap before
{Heap before GC invocations=80 (full 0):
 garbage-first heap   total 467968K, used 436465K [0x0000000080000000, 0x0000000100000000)
  region size 1024K, 163 young (166912K), 5 survivors (5120K)
 Metaspace       used 201804K, committed 204480K, reserved 1245184K
  class space    used 26073K, committed 27392K, reserved 1048576K
}
Event: 203.568 GC heap after
{Heap after GC invocations=81 (full 0):
 garbage-first heap   total 467968K, used 268765K [0x0000000080000000, 0x0000000100000000)
  region size 1024K, 4 young (4096K), 4 survivors (4096K)
 Metaspace       used 201804K, committed 204480K, reserved 1245184K
  class space    used 26073K, committed 27392K, reserved 1048576K
}
Event: 204.310 GC heap before
{Heap before GC invocations=81 (full 0):
 garbage-first heap   total 467968K, used 438749K [0x0000000080000000, 0x0000000100000000)
  region size 1024K, 170 young (174080K), 4 survivors (4096K)
 Metaspace       used 204380K, committed 207104K, reserved 1245184K
  class space    used 26481K, committed 27840K, reserved 1048576K
}
Event: 204.319 GC heap after
{Heap after GC invocations=82 (full 0):
 garbage-first heap   total 467968K, used 272252K [0x0000000080000000, 0x0000000100000000)
  region size 1024K, 8 young (8192K), 8 survivors (8192K)
 Metaspace       used 204380K, committed 207104K, reserved 1245184K
  class space    used 26481K, committed 27840K, reserved 1048576K
}
Event: 205.376 GC heap before
{Heap before GC invocations=83 (full 0):
 garbage-first heap   total 467968K, used 433020K [0x0000000080000000, 0x0000000100000000)
  region size 1024K, 166 young (169984K), 8 survivors (8192K)
 Metaspace       used 206255K, committed 208896K, reserved 1245184K
  class space    used 26734K, committed 28032K, reserved 1048576K
}
Event: 205.384 GC heap after
{Heap after GC invocations=84 (full 0):
 garbage-first heap   total 467968K, used 277110K [0x0000000080000000, 0x0000000100000000)
  region size 1024K, 13 young (13312K), 13 survivors (13312K)
 Metaspace       used 206255K, committed 208896K, reserved 1245184K
  class space    used 26734K, committed 28032K, reserved 1048576K
}
Event: 206.585 GC heap before
{Heap before GC invocations=84 (full 0):
 garbage-first heap   total 467968K, used 427638K [0x0000000080000000, 0x0000000100000000)
  region size 1024K, 161 young (164864K), 13 survivors (13312K)
 Metaspace       used 207731K, committed 210432K, reserved 1245184K
  class space    used 26943K, committed 28288K, reserved 1048576K
}
Event: 206.598 GC heap after
{Heap after GC invocations=85 (full 0):
 garbage-first heap   total 467968K, used 269460K [0x0000000080000000, 0x0000000100000000)
  region size 1024K, 15 young (15360K), 15 survivors (15360K)
 Metaspace       used 207731K, committed 210432K, reserved 1245184K
  class space    used 26943K, committed 28288K, reserved 1048576K
}
Event: 207.550 GC heap before
{Heap before GC invocations=85 (full 0):
 garbage-first heap   total 467968K, used 334996K [0x0000000080000000, 0x0000000100000000)
  region size 1024K, 81 young (82944K), 15 survivors (15360K)
 Metaspace       used 210088K, committed 212800K, reserved 1245184K
  class space    used 27225K, committed 28544K, reserved 1048576K
}
Event: 207.558 GC heap after
{Heap after GC invocations=86 (full 0):
 garbage-first heap   total 467968K, used 267144K [0x0000000080000000, 0x0000000100000000)
  region size 1024K, 8 young (8192K), 8 survivors (8192K)
 Metaspace       used 210088K, committed 212800K, reserved 1245184K
  class space    used 27225K, committed 28544K, reserved 1048576K
}
Event: 231.698 GC heap before
{Heap before GC invocations=87 (full 0):
 garbage-first heap   total 522240K, used 478088K [0x0000000080000000, 0x0000000100000000)
  region size 1024K, 170 young (174080K), 8 survivors (8192K)
 Metaspace       used 210551K, committed 213248K, reserved 1245184K
  class space    used 27262K, committed 28608K, reserved 1048576K
}
Event: 231.712 GC heap after
{Heap after GC invocations=88 (full 0):
 garbage-first heap   total 522240K, used 277628K [0x0000000080000000, 0x0000000100000000)
  region size 1024K, 22 young (22528K), 22 survivors (22528K)
 Metaspace       used 210551K, committed 213248K, reserved 1245184K
  class space    used 27262K, committed 28608K, reserved 1048576K
}
Event: 596.332 GC heap before
{Heap before GC invocations=88 (full 0):
 garbage-first heap   total 522240K, used 471164K [0x0000000080000000, 0x0000000100000000)
  region size 1024K, 212 young (217088K), 22 survivors (22528K)
 Metaspace       used 211013K, committed 213760K, reserved 1245184K
  class space    used 27273K, committed 28608K, reserved 1048576K
}
Event: 596.356 GC heap after
{Heap after GC invocations=89 (full 0):
 garbage-first heap   total 522240K, used 282624K [0x0000000080000000, 0x0000000100000000)
  region size 1024K, 15 young (15360K), 15 survivors (15360K)
 Metaspace       used 211013K, committed 213760K, reserved 1245184K
  class space    used 27273K, committed 28608K, reserved 1048576K
}

